<?xml version="1.0" encoding="UTF-8"?>
<!-- Generated by org.testng.reporters.JUnitReportReporter -->
<testsuite hostname="DESKTOP-5BS10NK" failures="0" tests="1" name="com.internet.testcases.TC1_ABTest" time="8.637" errors="0" timestamp="2024-04-10T21:06:22 IST" skipped="0">
  <testcase classname="com.internet.testcases.TC1_ABTest" name="clickPage" time="8.637"/>
  <system-out/>
</testsuite> <!-- com.internet.testcases.TC1_ABTest -->
