<?xml version="1.0" encoding="UTF-8"?>
<!-- Generated by org.testng.reporters.JUnitReportReporter -->
<testsuite hostname="DESKTOP-5BS10NK" failures="0" tests="1" name="com.internet.testcases.TC4_BrokenImageTest" time="14.179" errors="0" timestamp="2024-04-10T22:40:56 IST" skipped="0">
  <testcase classname="com.internet.testcases.TC4_BrokenImageTest" name="brokenImageCheck" time="14.179"/>
  <system-out/>
</testsuite> <!-- com.internet.testcases.TC4_BrokenImageTest -->
