<?xml version="1.0" encoding="UTF-8"?>
<!-- Generated by org.testng.reporters.JUnitReportReporter -->
<testsuite hostname="DESKTOP-5BS10NK" failures="0" tests="1" name="com.internet.testcases.TC2_ADDandDELETEelement" time="14.183" errors="0" timestamp="2024-04-10T21:40:49 IST" skipped="0">
  <testcase classname="com.internet.testcases.TC2_ADDandDELETEelement" name="addElements" time="14.183"/>
  <system-out/>
</testsuite> <!-- com.internet.testcases.TC2_ADDandDELETEelement -->
