<?xml version="1.0" encoding="UTF-8"?>
<!-- Generated by org.testng.reporters.JUnitReportReporter -->
<testsuite hostname="DESKTOP-5BS10NK" failures="0" tests="1" name="com.internet.testcases.TC6_CheckBoxTest" time="6.177" errors="0" timestamp="2024-04-11T02:28:50 IST" skipped="0">
  <testcase classname="com.internet.testcases.TC6_CheckBoxTest" name="checkboxValidation" time="6.177"/>
  <system-out/>
</testsuite> <!-- com.internet.testcases.TC6_CheckBoxTest -->
