<?xml version="1.0" encoding="UTF-8"?>
<!-- Generated by org.testng.reporters.JUnitReportReporter -->
<testsuite hostname="DESKTOP-5BS10NK" failures="0" tests="2" name="com.internet.testcases.Test1" time="12.641" errors="0" timestamp="2024-04-13T23:25:03 IST" skipped="0">
  <testcase classname="com.internet.testcases.Test1" name="testMethod1" time="7.101"/>
  <system-out/>
  <testcase classname="com.internet.testcases.Test1" name="testMethod2" time="5.540"/>
  <system-out/>
</testsuite> <!-- com.internet.testcases.Test1 -->
