<?xml version="1.0" encoding="UTF-8"?>
<!-- Generated by org.testng.reporters.JUnitReportReporter -->
<testsuite hostname="DESKTOP-5BS10NK" failures="0" tests="1" name="com.internet.testcases.TC5_ChallangingDOMTest" time="7.537" errors="0" timestamp="2024-04-11T02:01:03 IST" skipped="0">
  <testcase classname="com.internet.testcases.TC5_ChallangingDOMTest" name="tableEvaluate" time="7.537"/>
  <system-out/>
</testsuite> <!-- com.internet.testcases.TC5_ChallangingDOMTest -->
