<?xml version="1.0" encoding="UTF-8"?>
<!-- Generated by org.testng.reporters.JUnitReportReporter -->
<testsuite hostname="DESKTOP-5BS10NK" failures="0" tests="1" name="com.internet.pagesobj.P4_BasicAuthPage" time="12.732" errors="0" timestamp="2024-04-10T22:07:07 IST" skipped="0">
  <testcase classname="com.internet.pagesobj.P4_BasicAuthPage" name="set" time="12.732"/>
  <system-out/>
</testsuite> <!-- com.internet.pagesobj.P4_BasicAuthPage -->
