<?xml version="1.0" encoding="UTF-8"?>
<!-- Generated by org.testng.reporters.JUnitReportReporter -->
<testsuite hostname="DESKTOP-5BS10NK" failures="0" tests="1" name="com.internet.testcases.TestJava" time="4.121" errors="0" timestamp="2024-04-12T04:45:55 IST" skipped="0">
  <testcase classname="com.internet.testcases.TestJava" name="javaScriptTest" time="4.121"/>
  <system-out/>
</testsuite> <!-- com.internet.testcases.TestJava -->
