<?xml version="1.0" encoding="UTF-8"?>
<!-- Generated by org.testng.reporters.JUnitReportReporter -->
<testsuite hostname="DESKTOP-5BS10NK" failures="0" tests="1" name="com.internet.testcases.TC7_ContextMenuTest" time="5.819" errors="0" timestamp="2024-04-11T03:10:30 IST" skipped="0">
  <testcase classname="com.internet.testcases.TC7_ContextMenuTest" name="clickCheck" time="5.819"/>
  <system-out/>
</testsuite> <!-- com.internet.testcases.TC7_ContextMenuTest -->
